mode: atomic
github.com/sinlov/drone-file-browser-plugin/drone_info/droneInfoMock.go:56.42,58.18 1 2
github.com/sinlov/drone-file-browser-plugin/drone_info/droneInfoMock.go:62.2,73.16 11 2
github.com/sinlov/drone-file-browser-plugin/drone_info/droneInfoMock.go:77.2,150.15 10 2
github.com/sinlov/drone-file-browser-plugin/drone_info/droneInfoMock.go:58.18,60.3 1 0
github.com/sinlov/drone-file-browser-plugin/drone_info/droneInfoMock.go:73.16,76.3 2 2
github.com/sinlov/drone-file-browser-plugin/drone_info/droneInfoMock.go:153.39,215.2 52 1
github.com/sinlov/drone-file-browser-plugin/drone_info/droneInfoMock.go:217.26,219.32 2 1
github.com/sinlov/drone-file-browser-plugin/drone_info/droneInfoMock.go:219.32,220.34 1 1
github.com/sinlov/drone-file-browser-plugin/drone_info/droneInfoMock.go:220.34,222.4 1 106
github.com/sinlov/drone-file-browser-plugin/drone_info/droneInfoMock.go:226.40,228.16 2 35
github.com/sinlov/drone-file-browser-plugin/drone_info/droneInfoMock.go:228.16,230.3 1 0
github.com/sinlov/drone-file-browser-plugin/drone_info/droneInfoMock.go:233.39,235.9 2 1
github.com/sinlov/drone-file-browser-plugin/drone_info/droneInfoMock.go:240.2,240.16 1 1
github.com/sinlov/drone-file-browser-plugin/drone_info/droneInfoMock.go:235.9,237.3 1 1
github.com/sinlov/drone-file-browser-plugin/drone_info/droneInfoMock.go:237.8,239.3 1 0
github.com/sinlov/drone-file-browser-plugin/drone_info/droneInfoMock.go:240.16,242.3 1 0
github.com/sinlov/drone-file-browser-plugin/drone_info/droneInfoMock.go:245.40,247.16 2 5
github.com/sinlov/drone-file-browser-plugin/drone_info/droneInfoMock.go:247.16,249.3 1 0
github.com/sinlov/drone-file-browser-plugin/drone_info/droneInfoMock.go:253.45,255.9 2 3
github.com/sinlov/drone-file-browser-plugin/drone_info/droneInfoMock.go:258.2,258.32 1 3
github.com/sinlov/drone-file-browser-plugin/drone_info/droneInfoMock.go:255.9,257.3 1 0
github.com/sinlov/drone-file-browser-plugin/tools/strTools.go:8.54,11.56 3 2
github.com/sinlov/drone-file-browser-plugin/tools/strTools.go:14.2,14.14 1 1
github.com/sinlov/drone-file-browser-plugin/tools/strTools.go:11.56,13.3 1 1
github.com/sinlov/drone-file-browser-plugin/tools/strTools.go:17.40,22.2 4 1
github.com/sinlov/drone-file-browser-plugin/template/helpers.go:47.13,48.53 1 1
github.com/sinlov/drone-file-browser-plugin/template/helpers.go:56.2,56.32 1 1
github.com/sinlov/drone-file-browser-plugin/template/helpers.go:48.53,49.26 1 184
github.com/sinlov/drone-file-browser-plugin/template/helpers.go:53.3,53.25 1 143
github.com/sinlov/drone-file-browser-plugin/template/helpers.go:49.26,50.12 1 41
github.com/sinlov/drone-file-browser-plugin/template/helpers.go:59.49,61.2 1 5
github.com/sinlov/drone-file-browser-plugin/template/helpers.go:63.62,64.20 1 0
github.com/sinlov/drone-file-browser-plugin/template/helpers.go:68.2,70.16 2 0
github.com/sinlov/drone-file-browser-plugin/template/helpers.go:74.2,74.55 1 0
github.com/sinlov/drone-file-browser-plugin/template/helpers.go:64.20,66.3 1 0
github.com/sinlov/drone-file-browser-plugin/template/helpers.go:70.16,72.3 1 0
github.com/sinlov/drone-file-browser-plugin/template/helpers.go:77.67,78.18 1 0
github.com/sinlov/drone-file-browser-plugin/template/helpers.go:82.2,82.29 1 0
github.com/sinlov/drone-file-browser-plugin/template/helpers.go:78.18,80.3 1 0
github.com/sinlov/drone-file-browser-plugin/template/helpers.go:83.17,84.22 1 0
github.com/sinlov/drone-file-browser-plugin/template/helpers.go:85.10,86.27 1 0
github.com/sinlov/drone-file-browser-plugin/template/helpers.go:90.67,91.18 1 0
github.com/sinlov/drone-file-browser-plugin/template/helpers.go:95.2,95.29 1 0
github.com/sinlov/drone-file-browser-plugin/template/helpers.go:91.18,93.3 1 0
github.com/sinlov/drone-file-browser-plugin/template/helpers.go:96.36,97.22 1 0
github.com/sinlov/drone-file-browser-plugin/template/helpers.go:98.10,99.27 1 0
github.com/sinlov/drone-file-browser-plugin/template/helpers.go:103.41,104.62 1 10
github.com/sinlov/drone-file-browser-plugin/template/helpers.go:108.2,110.13 2 10
github.com/sinlov/drone-file-browser-plugin/template/helpers.go:115.2,115.28 1 5
github.com/sinlov/drone-file-browser-plugin/template/helpers.go:104.62,106.3 1 0
github.com/sinlov/drone-file-browser-plugin/template/helpers.go:110.13,113.3 2 5
github.com/sinlov/drone-file-browser-plugin/template/helpers.go:118.49,120.2 1 0
github.com/sinlov/drone-file-browser-plugin/template/helpers.go:122.32,125.2 2 0
github.com/sinlov/drone-file-browser-plugin/template/helpers.go:127.38,134.2 4 5
github.com/sinlov/drone-file-browser-plugin/template/helpers.go:136.76,139.2 2 1
github.com/sinlov/drone-file-browser-plugin/template/helpers.go:141.38,186.35 2 184
github.com/sinlov/drone-file-browser-plugin/template/helpers.go:192.2,192.14 1 143
github.com/sinlov/drone-file-browser-plugin/template/helpers.go:186.35,187.22 1 6724
github.com/sinlov/drone-file-browser-plugin/template/helpers.go:187.22,189.4 1 41
github.com/sinlov/drone-file-browser-plugin/template/template.go:31.73,34.16 2 2
github.com/sinlov/drone-file-browser-plugin/template/template.go:63.2,63.42 1 2
github.com/sinlov/drone-file-browser-plugin/template/template.go:34.16,35.19 1 1
github.com/sinlov/drone-file-browser-plugin/template/template.go:36.24,39.18 2 0
github.com/sinlov/drone-file-browser-plugin/template/template.go:43.4,47.18 3 0
github.com/sinlov/drone-file-browser-plugin/template/template.go:51.4,51.26 1 0
github.com/sinlov/drone-file-browser-plugin/template/template.go:52.15,55.18 2 0
github.com/sinlov/drone-file-browser-plugin/template/template.go:59.4,59.26 1 0
github.com/sinlov/drone-file-browser-plugin/template/template.go:39.18,41.5 1 0
github.com/sinlov/drone-file-browser-plugin/template/template.go:47.18,49.5 1 0
github.com/sinlov/drone-file-browser-plugin/template/template.go:55.18,57.5 1 0
github.com/sinlov/drone-file-browser-plugin/template/template.go:69.72,72.2 2 2
github.com/sinlov/drone-file-browser-plugin/main.go:22.35,28.13 3 0
github.com/sinlov/drone-file-browser-plugin/main.go:32.2,73.16 4 0
github.com/sinlov/drone-file-browser-plugin/main.go:78.2,78.12 1 0
github.com/sinlov/drone-file-browser-plugin/main.go:28.13,30.3 1 0
github.com/sinlov/drone-file-browser-plugin/main.go:73.16,76.3 2 0
github.com/sinlov/drone-file-browser-plugin/main.go:83.30,184.2 1 0
github.com/sinlov/drone-file-browser-plugin/main.go:188.34,219.2 1 0
github.com/sinlov/drone-file-browser-plugin/main.go:223.33,452.2 1 0
github.com/sinlov/drone-file-browser-plugin/main.go:456.53,461.16 5 0
github.com/sinlov/drone-file-browser-plugin/main.go:465.2,532.14 6 0
github.com/sinlov/drone-file-browser-plugin/main.go:461.16,464.3 2 0
github.com/sinlov/drone-file-browser-plugin/main.go:535.13,556.53 13 0
github.com/sinlov/drone-file-browser-plugin/main.go:564.2,564.41 1 0
github.com/sinlov/drone-file-browser-plugin/main.go:556.53,558.23 2 0
github.com/sinlov/drone-file-browser-plugin/main.go:558.23,560.4 1 0
github.com/sinlov/drone-file-browser-plugin/main.go:564.41,566.3 1 0
github.com/sinlov/drone-file-browser-plugin/main.go:571.67,572.20 1 0
github.com/sinlov/drone-file-browser-plugin/main.go:576.2,576.32 1 0
github.com/sinlov/drone-file-browser-plugin/main.go:572.20,574.3 1 0
