mode: atomic
github.com/sinlov/drone-file-browser-plugin/tools/strTools.go:8.54,11.56 3 2
github.com/sinlov/drone-file-browser-plugin/tools/strTools.go:14.2,14.14 1 1
github.com/sinlov/drone-file-browser-plugin/tools/strTools.go:11.56,13.3 1 1
github.com/sinlov/drone-file-browser-plugin/tools/strTools.go:17.40,22.2 4 1
github.com/sinlov/drone-file-browser-plugin/template/template.go:31.73,34.16 2 2
github.com/sinlov/drone-file-browser-plugin/template/template.go:63.2,63.42 1 2
github.com/sinlov/drone-file-browser-plugin/template/template.go:34.16,35.19 1 1
github.com/sinlov/drone-file-browser-plugin/template/template.go:36.24,39.18 2 0
github.com/sinlov/drone-file-browser-plugin/template/template.go:43.4,47.18 3 0
github.com/sinlov/drone-file-browser-plugin/template/template.go:51.4,51.26 1 0
github.com/sinlov/drone-file-browser-plugin/template/template.go:52.15,55.18 2 0
github.com/sinlov/drone-file-browser-plugin/template/template.go:59.4,59.26 1 0
github.com/sinlov/drone-file-browser-plugin/template/template.go:39.18,41.5 1 0
github.com/sinlov/drone-file-browser-plugin/template/template.go:47.18,49.5 1 0
github.com/sinlov/drone-file-browser-plugin/template/template.go:55.18,57.5 1 0
github.com/sinlov/drone-file-browser-plugin/template/template.go:69.72,72.2 2 2
github.com/sinlov/drone-file-browser-plugin/template/helpers.go:47.13,48.53 1 1
github.com/sinlov/drone-file-browser-plugin/template/helpers.go:56.2,56.32 1 1
github.com/sinlov/drone-file-browser-plugin/template/helpers.go:48.53,49.26 1 184
github.com/sinlov/drone-file-browser-plugin/template/helpers.go:53.3,53.25 1 143
github.com/sinlov/drone-file-browser-plugin/template/helpers.go:49.26,50.12 1 41
github.com/sinlov/drone-file-browser-plugin/template/helpers.go:59.49,61.2 1 5
github.com/sinlov/drone-file-browser-plugin/template/helpers.go:63.62,64.20 1 0
github.com/sinlov/drone-file-browser-plugin/template/helpers.go:68.2,70.16 2 0
github.com/sinlov/drone-file-browser-plugin/template/helpers.go:74.2,74.55 1 0
github.com/sinlov/drone-file-browser-plugin/template/helpers.go:64.20,66.3 1 0
github.com/sinlov/drone-file-browser-plugin/template/helpers.go:70.16,72.3 1 0
github.com/sinlov/drone-file-browser-plugin/template/helpers.go:77.67,78.18 1 0
github.com/sinlov/drone-file-browser-plugin/template/helpers.go:82.2,82.29 1 0
github.com/sinlov/drone-file-browser-plugin/template/helpers.go:78.18,80.3 1 0
github.com/sinlov/drone-file-browser-plugin/template/helpers.go:83.17,84.22 1 0
github.com/sinlov/drone-file-browser-plugin/template/helpers.go:85.10,86.27 1 0
github.com/sinlov/drone-file-browser-plugin/template/helpers.go:90.67,91.18 1 0
github.com/sinlov/drone-file-browser-plugin/template/helpers.go:95.2,95.29 1 0
github.com/sinlov/drone-file-browser-plugin/template/helpers.go:91.18,93.3 1 0
github.com/sinlov/drone-file-browser-plugin/template/helpers.go:96.36,97.22 1 0
github.com/sinlov/drone-file-browser-plugin/template/helpers.go:98.10,99.27 1 0
github.com/sinlov/drone-file-browser-plugin/template/helpers.go:103.41,104.62 1 10
github.com/sinlov/drone-file-browser-plugin/template/helpers.go:108.2,110.13 2 10
github.com/sinlov/drone-file-browser-plugin/template/helpers.go:115.2,115.28 1 5
github.com/sinlov/drone-file-browser-plugin/template/helpers.go:104.62,106.3 1 0
github.com/sinlov/drone-file-browser-plugin/template/helpers.go:110.13,113.3 2 5
github.com/sinlov/drone-file-browser-plugin/template/helpers.go:118.49,120.2 1 0
github.com/sinlov/drone-file-browser-plugin/template/helpers.go:122.32,125.2 2 0
github.com/sinlov/drone-file-browser-plugin/template/helpers.go:127.38,134.2 4 5
github.com/sinlov/drone-file-browser-plugin/template/helpers.go:136.76,139.2 2 1
github.com/sinlov/drone-file-browser-plugin/template/helpers.go:141.38,186.35 2 184
github.com/sinlov/drone-file-browser-plugin/template/helpers.go:192.2,192.14 1 143
github.com/sinlov/drone-file-browser-plugin/template/helpers.go:186.35,187.22 1 6724
github.com/sinlov/drone-file-browser-plugin/template/helpers.go:187.22,189.4 1 41
github.com/sinlov/drone-file-browser-plugin/main.go:23.35,29.13 3 0
github.com/sinlov/drone-file-browser-plugin/main.go:34.2,78.16 4 0
github.com/sinlov/drone-file-browser-plugin/main.go:83.2,83.12 1 0
github.com/sinlov/drone-file-browser-plugin/main.go:29.13,32.3 2 0
github.com/sinlov/drone-file-browser-plugin/main.go:78.16,81.3 2 0
github.com/sinlov/drone-file-browser-plugin/main.go:88.30,194.2 1 0
github.com/sinlov/drone-file-browser-plugin/main.go:198.34,229.2 1 0
github.com/sinlov/drone-file-browser-plugin/main.go:233.33,462.2 1 0
github.com/sinlov/drone-file-browser-plugin/main.go:464.13,485.53 13 0
github.com/sinlov/drone-file-browser-plugin/main.go:493.2,493.41 1 0
github.com/sinlov/drone-file-browser-plugin/main.go:485.53,487.23 2 0
github.com/sinlov/drone-file-browser-plugin/main.go:487.23,489.4 1 0
github.com/sinlov/drone-file-browser-plugin/main.go:493.41,495.3 1 0
